{"meta": {"format": 3, "version": "7.11.0", "timestamp": "2025-10-31T16:46:57.444934", "branch_coverage": false, "show_contexts": false}, "files": {"external_dns_technitium_webhook/__init__.py": {"executed_lines": [1, 3, 5, 7], "summary": {"covered_lines": 3, "num_statements": 3, "percent_covered": 100.0, "percent_covered_display": "100", "missing_lines": 0, "excluded_lines": 0}, "missing_lines": [], "excluded_lines": [], "functions": {"": {"executed_lines": [1, 3, 5, 7], "summary": {"covered_lines": 3, "num_statements": 3, "percent_covered": 100.0, "percent_covered_display": "100", "missing_lines": 0, "excluded_lines": 0}, "missing_lines": [], "excluded_lines": []}}, "classes": {"": {"executed_lines": [1, 3, 5, 7], "summary": {"covered_lines": 3, "num_statements": 3, "percent_covered": 100.0, "percent_covered_display": "100", "missing_lines": 0, "excluded_lines": 0}, "missing_lines": [], "excluded_lines": []}}}, "external_dns_technitium_webhook/app_state.py": {"executed_lines": [1, 3, 4, 5, 6, 8, 9, 10, 11, 13, 16, 17, 26, 32, 33, 34, 38, 42, 43, 44, 45, 46, 47, 49, 55, 56, 58, 61, 62, 63, 65, 67, 68, 69, 70, 71, 73, 76, 77, 78, 79, 81, 82, 86, 87, 89, 94, 95, 96, 98, 108, 109, 110, 111, 112], "summary": {"covered_lines": 53, "num_statements": 53, "percent_covered": 100.0, "percent_covered_display": "100", "missing_lines": 0, "excluded_lines": 0}, "missing_lines": [], "excluded_lines": [], "functions": {"AppState.__init__": {"executed_lines": [32, 33, 34, 38, 42, 43, 44, 45, 46, 47], "summary": {"covered_lines": 10, "num_statements": 10, "percent_covered": 100.0, "percent_covered_display": "100", "missing_lines": 0, "excluded_lines": 0}, "missing_lines": [], "excluded_lines": []}, "AppState.ensure_ready": {"executed_lines": [55, 56], "summary": {"covered_lines": 2, "num_statements": 2, "percent_covered": 100.0, "percent_covered_display": "100", "missing_lines": 0, "excluded_lines": 0}, "missing_lines": [], "excluded_lines": []}, "AppState.ensure_writable": {"executed_lines": [61, 62, 63], "summary": {"covered_lines": 3, "num_statements": 3, "percent_covered": 100.0, "percent_covered_display": "100", "missing_lines": 0, "excluded_lines": 0}, "missing_lines": [], "excluded_lines": []}, "AppState.close": {"executed_lines": [67, 68, 69, 70, 71], "summary": {"covered_lines": 5, "num_statements": 5, "percent_covered": 100.0, "percent_covered_display": "100", "missing_lines": 0, "excluded_lines": 0}, "missing_lines": [], "excluded_lines": []}, "AppState.set_active_endpoint": {"executed_lines": [76, 77, 78, 79, 81, 82, 86, 87], "summary": {"covered_lines": 8, "num_statements": 8, "percent_covered": 100.0, "percent_covered_display": "100", "missing_lines": 0, "excluded_lines": 0}, "missing_lines": [], "excluded_lines": []}, "AppState.start_token_renewal": {"executed_lines": [94, 95, 96], "summary": {"covered_lines": 3, "num_statements": 3, "percent_covered": 100.0, "percent_covered_display": "100", "missing_lines": 0, "excluded_lines": 0}, "missing_lines": [], "excluded_lines": []}, "AppState.update_status": {"executed_lines": [108, 109, 110, 111, 112], "summary": {"covered_lines": 5, "num_statements": 5, "percent_covered": 100.0, "percent_covered_display": "100", "missing_lines": 0, "excluded_lines": 0}, "missing_lines": [], "excluded_lines": []}, "": {"executed_lines": [1, 3, 4, 5, 6, 8, 9, 10, 11, 13, 16, 17, 26, 49, 58, 65, 73, 89, 98], "summary": {"covered_lines": 17, "num_statements": 17, "percent_covered": 100.0, "percent_covered_display": "100", "missing_lines": 0, "excluded_lines": 0}, "missing_lines": [], "excluded_lines": []}}, "classes": {"AppState": {"executed_lines": [32, 33, 34, 38, 42, 43, 44, 45, 46, 47, 55, 56, 61, 62, 63, 67, 68, 69, 70, 71, 76, 77, 78, 79, 81, 82, 86, 87, 94, 95, 96, 108, 109, 110, 111, 112], "summary": {"covered_lines": 36, "num_statements": 36, "percent_covered": 100.0, "percent_covered_display": "100", "missing_lines": 0, "excluded_lines": 0}, "missing_lines": [], "excluded_lines": []}, "": {"executed_lines": [1, 3, 4, 5, 6, 8, 9, 10, 11, 13, 16, 17, 26, 49, 58, 65, 73, 89, 98], "summary": {"covered_lines": 17, "num_statements": 17, "percent_covered": 100.0, "percent_covered_display": "100", "missing_lines": 0, "excluded_lines": 0}, "missing_lines": [], "excluded_lines": []}}}, "external_dns_technitium_webhook/config.py": {"executed_lines": [1, 3, 5, 8, 9, 11, 18, 19, 20, 21, 22, 23, 24, 25, 26, 27, 28, 29, 30, 32, 34, 36, 37, 39, 40, 41, 43, 44, 47, 49, 50, 52, 53, 54, 55, 56, 57, 59, 60, 61, 62, 64, 66, 67, 70, 71, 73, 74, 76, 77, 79, 81, 87, 96, 105, 106, 107, 108], "summary": {"covered_lines": 50, "num_statements": 51, "percent_covered": 98.03921568627452, "percent_covered_display": "98", "missing_lines": 1, "excluded_lines": 14}, "missing_lines": [51], "excluded_lines": [81, 82, 83, 84, 85, 86, 87, 88, 89, 90, 91, 92, 93, 94], "functions": {"Config.__init__": {"executed_lines": [34], "summary": {"covered_lines": 1, "num_statements": 1, "percent_covered": 100.0, "percent_covered_display": "100", "missing_lines": 0, "excluded_lines": 0}, "missing_lines": [], "excluded_lines": []}, "Config.domain_filter_list": {"executed_lines": [39, 40, 41], "summary": {"covered_lines": 3, "num_statements": 3, "percent_covered": 100.0, "percent_covered_display": "100", "missing_lines": 0, "excluded_lines": 0}, "missing_lines": [], "excluded_lines": []}, "Config.technitium_endpoints": {"executed_lines": [47, 49, 59, 60, 61, 62, 64], "summary": {"covered_lines": 7, "num_statements": 7, "percent_covered": 100.0, "percent_covered_display": "100", "missing_lines": 0, "excluded_lines": 0}, "missing_lines": [], "excluded_lines": []}, "Config.technitium_endpoints._add": {"executed_lines": [50, 52, 53, 54, 55, 56, 57], "summary": {"covered_lines": 7, "num_statements": 8, "percent_covered": 87.5, "percent_covered_display": "88", "missing_lines": 1, "excluded_lines": 0}, "missing_lines": [51], "excluded_lines": []}, "Config.catalog_zone_name": {"executed_lines": [70, 71, 73, 74], "summary": {"covered_lines": 4, "num_statements": 4, "percent_covered": 100.0, "percent_covered_display": "100", "missing_lines": 0, "excluded_lines": 0}, "missing_lines": [], "excluded_lines": []}, "Config.bind_address": {"executed_lines": [79], "summary": {"covered_lines": 1, "num_statements": 1, "percent_covered": 100.0, "percent_covered_display": "100", "missing_lines": 0, "excluded_lines": 0}, "missing_lines": [], "excluded_lines": []}, "Config.__repr__": {"executed_lines": [87], "summary": {"covered_lines": 0, "num_statements": 0, "percent_covered": 100.0, "percent_covered_display": "100", "missing_lines": 0, "excluded_lines": 13}, "missing_lines": [], "excluded_lines": [82, 83, 84, 85, 86, 87, 88, 89, 90, 91, 92, 93, 94]}, "Config.model_dump": {"executed_lines": [105, 106, 107, 108], "summary": {"covered_lines": 4, "num_statements": 4, "percent_covered": 100.0, "percent_covered_display": "100", "missing_lines": 0, "excluded_lines": 0}, "missing_lines": [], "excluded_lines": []}, "": {"executed_lines": [1, 3, 5, 8, 9, 11, 18, 19, 20, 21, 22, 23, 24, 25, 26, 27, 28, 29, 30, 32, 36, 37, 43, 44, 66, 67, 76, 77, 81, 96], "summary": {"covered_lines": 23, "num_statements": 23, "percent_covered": 100.0, "percent_covered_display": "100", "missing_lines": 0, "excluded_lines": 1}, "missing_lines": [], "excluded_lines": [81]}}, "classes": {"Config": {"executed_lines": [34, 39, 40, 41, 47, 49, 50, 52, 53, 54, 55, 56, 57, 59, 60, 61, 62, 64, 70, 71, 73, 74, 79, 87, 105, 106, 107, 108], "summary": {"covered_lines": 27, "num_statements": 28, "percent_covered": 96.42857142857143, "percent_covered_display": "96", "missing_lines": 1, "excluded_lines": 13}, "missing_lines": [51], "excluded_lines": [82, 83, 84, 85, 86, 87, 88, 89, 90, 91, 92, 93, 94]}, "": {"executed_lines": [1, 3, 5, 8, 9, 11, 18, 19, 20, 21, 22, 23, 24, 25, 26, 27, 28, 29, 30, 32, 36, 37, 43, 44, 66, 67, 76, 77, 81, 96], "summary": {"covered_lines": 23, "num_statements": 23, "percent_covered": 100.0, "percent_covered_display": "100", "missing_lines": 0, "excluded_lines": 1}, "missing_lines": [], "excluded_lines": [81]}}}, "external_dns_technitium_webhook/handlers.py": {"executed_lines": [1, 3, 4, 5, 6, 8, 9, 11, 12, 14, 17, 28, 31, 42, 43, 45, 48, 49, 51, 54, 63, 64, 65, 66, 67, 68, 74, 83, 85, 90, 91, 94, 103, 105, 107, 112, 113, 114, 115, 118, 130, 132, 141, 142, 143, 144, 145, 146, 147, 148, 149, 151, 152, 153, 154, 155, 157, 158, 159, 160, 161, 163, 164, 165, 166, 167, 169, 170, 171, 172, 174, 176, 177, 180, 190, 193, 196, 206, 207, 210, 211, 212, 213, 214, 217, 218, 219, 220, 221, 223, 224, 225, 228, 229, 230, 231, 232, 235, 237, 238, 239, 244, 245, 246, 247, 253, 254, 255, 256, 257, 260, 262, 263, 264, 270, 271, 272, 273, 278, 281, 291, 293, 294, 295, 296, 297, 298, 299, 301, 302, 303, 304, 305, 306, 307, 308, 309, 310, 311, 312, 313, 315, 316, 317, 318, 319, 320, 321, 322, 324, 325, 326, 327, 328, 329, 330, 331, 333, 334, 335, 336, 337, 338, 339, 344, 346, 347, 348, 349, 350, 351, 352, 357], "summary": {"covered_lines": 171, "num_statements": 171, "percent_covered": 100.0, "percent_covered_display": "100", "missing_lines": 0, "excluded_lines": 0}, "missing_lines": [], "excluded_lines": [], "functions": {"sanitize_error_message": {"executed_lines": [28, 31, 42, 43, 45], "summary": {"covered_lines": 5, "num_statements": 5, "percent_covered": 100.0, "percent_covered_display": "100", "missing_lines": 0, "excluded_lines": 0}, "missing_lines": [], "excluded_lines": []}, "health_check": {"executed_lines": [63, 64, 65, 66, 67, 68], "summary": {"covered_lines": 6, "num_statements": 6, "percent_covered": 100.0, "percent_covered_display": "100", "missing_lines": 0, "excluded_lines": 0}, "missing_lines": [], "excluded_lines": []}, "negotiate_domain_filter": {"executed_lines": [83, 85, 90, 91], "summary": {"covered_lines": 4, "num_statements": 4, "percent_covered": 100.0, "percent_covered_display": "100", "missing_lines": 0, "excluded_lines": 0}, "missing_lines": [], "excluded_lines": []}, "get_records": {"executed_lines": [103, 105, 107, 112, 113, 114, 115, 118, 130, 132, 141, 142, 143, 144, 145, 146, 147, 148, 149, 151, 152, 153, 154, 155, 157, 158, 159, 160, 161, 163, 164, 165, 166, 167, 169, 170, 171, 172, 174, 176, 177], "summary": {"covered_lines": 41, "num_statements": 41, "percent_covered": 100.0, "percent_covered_display": "100", "missing_lines": 0, "excluded_lines": 0}, "missing_lines": [], "excluded_lines": []}, "adjust_endpoints": {"executed_lines": [190, 193], "summary": {"covered_lines": 2, "num_statements": 2, "percent_covered": 100.0, "percent_covered_display": "100", "missing_lines": 0, "excluded_lines": 0}, "missing_lines": [], "excluded_lines": []}, "apply_record": {"executed_lines": [206, 207, 210, 211, 212, 213, 214, 217, 218, 219, 220, 221, 223, 224, 225, 228, 229, 230, 231, 232, 235, 237, 238, 239, 244, 245, 246, 247, 253, 254, 255, 256, 257, 260, 262, 263, 264, 270, 271, 272, 273, 278], "summary": {"covered_lines": 42, "num_statements": 42, "percent_covered": 100.0, "percent_covered_display": "100", "missing_lines": 0, "excluded_lines": 0}, "missing_lines": [], "excluded_lines": []}, "_get_record_data": {"executed_lines": [291, 293, 294, 295, 296, 297, 298, 299, 301, 302, 303, 304, 305, 306, 307, 308, 309, 310, 311, 312, 313, 315, 316, 317, 318, 319, 320, 321, 322, 324, 325, 326, 327, 328, 329, 330, 331, 333, 334, 335, 336, 337, 338, 339, 344, 346, 347, 348, 349, 350, 351, 352, 357], "summary": {"covered_lines": 53, "num_statements": 53, "percent_covered": 100.0, "percent_covered_display": "100", "missing_lines": 0, "excluded_lines": 0}, "missing_lines": [], "excluded_lines": []}, "": {"executed_lines": [1, 3, 4, 5, 6, 8, 9, 11, 12, 14, 17, 48, 49, 51, 54, 74, 94, 180, 196, 281], "summary": {"covered_lines": 18, "num_statements": 18, "percent_covered": 100.0, "percent_covered_display": "100", "missing_lines": 0, "excluded_lines": 0}, "missing_lines": [], "excluded_lines": []}}, "classes": {"ExternalDNSResponse": {"executed_lines": [], "summary": {"covered_lines": 0, "num_statements": 0, "percent_covered": 100.0, "percent_covered_display": "100", "missing_lines": 0, "excluded_lines": 0}, "missing_lines": [], "excluded_lines": []}, "": {"executed_lines": [1, 3, 4, 5, 6, 8, 9, 11, 12, 14, 17, 28, 31, 42, 43, 45, 48, 49, 51, 54, 63, 64, 65, 66, 67, 68, 74, 83, 85, 90, 91, 94, 103, 105, 107, 112, 113, 114, 115, 118, 130, 132, 141, 142, 143, 144, 145, 146, 147, 148, 149, 151, 152, 153, 154, 155, 157, 158, 159, 160, 161, 163, 164, 165, 166, 167, 169, 170, 171, 172, 174, 176, 177, 180, 190, 193, 196, 206, 207, 210, 211, 212, 213, 214, 217, 218, 219, 220, 221, 223, 224, 225, 228, 229, 230, 231, 232, 235, 237, 238, 239, 244, 245, 246, 247, 253, 254, 255, 256, 257, 260, 262, 263, 264, 270, 271, 272, 273, 278, 281, 291, 293, 294, 295, 296, 297, 298, 299, 301, 302, 303, 304, 305, 306, 307, 308, 309, 310, 311, 312, 313, 315, 316, 317, 318, 319, 320, 321, 322, 324, 325, 326, 327, 328, 329, 330, 331, 333, 334, 335, 336, 337, 338, 339, 344, 346, 347, 348, 349, 350, 351, 352, 357], "summary": {"covered_lines": 171, "num_statements": 171, "percent_covered": 100.0, "percent_covered_display": "100", "missing_lines": 0, "excluded_lines": 0}, "missing_lines": [], "excluded_lines": []}}}, "external_dns_technitium_webhook/main.py": {"executed_lines": [1, 3, 4, 5, 6, 7, 8, 9, 10, 12, 13, 14, 15, 17, 18, 19, 26, 27, 28, 31, 37, 40, 41, 42, 44, 45, 46, 47, 50, 53, 54, 55, 56, 59, 68, 69, 70, 71, 74, 84, 85, 87, 90, 93, 94, 95, 96, 102, 104, 106, 107, 108, 114, 116, 120, 121, 123, 125, 132, 134, 135, 141, 142, 148, 149, 151, 156, 157, 158, 164, 166, 173, 174, 175, 178, 181, 182, 184, 185, 187, 188, 189, 190, 191, 192, 193, 197, 198, 200, 201, 203, 211, 216, 217, 218, 219, 220, 221, 222, 225, 228, 238, 245, 246, 248, 249, 251, 260, 261, 266, 268, 273, 278, 282, 283, 284, 289, 292, 298, 299, 301, 303, 304, 305, 306, 307, 308, 310, 311, 315, 316, 317, 318, 319, 324, 327, 328, 338, 341, 342, 344, 345, 348, 350, 353, 354, 357, 363, 388, 391, 395, 405, 407, 408, 412, 413, 415, 416, 420, 422, 423, 427, 429, 430, 435, 437, 438, 443, 445, 448, 450, 451, 453, 460, 463, 464, 465, 467, 468, 470, 471, 474], "summary": {"covered_lines": 175, "num_statements": 175, "percent_covered": 100.0, "percent_covered_display": "100", "missing_lines": 0, "excluded_lines": 2}, "missing_lines": [], "excluded_lines": [474, 475], "functions": {"_normalize_zone_name": {"executed_lines": [53, 54, 55, 56], "summary": {"covered_lines": 4, "num_statements": 4, "percent_covered": 100.0, "percent_covered_display": "100", "missing_lines": 0, "excluded_lines": 0}, "missing_lines": [], "excluded_lines": []}, "get_app_state": {"executed_lines": [68, 69, 70, 71], "summary": {"covered_lines": 4, "num_statements": 4, "percent_covered": 100.0, "percent_covered_display": "100", "missing_lines": 0, "excluded_lines": 0}, "missing_lines": [], "excluded_lines": []}, "create_state_dependency": {"executed_lines": [84, 87], "summary": {"covered_lines": 2, "num_statements": 2, "percent_covered": 100.0, "percent_covered_display": "100", "missing_lines": 0, "excluded_lines": 0}, "missing_lines": [], "excluded_lines": []}, "create_state_dependency._get_state": {"executed_lines": [85], "summary": {"covered_lines": 1, "num_statements": 1, "percent_covered": 100.0, "percent_covered_display": "100", "missing_lines": 0, "excluded_lines": 0}, "missing_lines": [], "excluded_lines": []}, "setup_technitium_connection": {"executed_lines": [93, 94, 95, 96, 102, 104, 106, 107, 108, 114, 116, 120, 121, 123, 125, 132, 134, 135, 141, 142, 148, 149, 151, 156, 157, 158, 164, 166, 173, 174, 175], "summary": {"covered_lines": 31, "num_statements": 31, "percent_covered": 100.0, "percent_covered_display": "100", "missing_lines": 0, "excluded_lines": 0}, "missing_lines": [], "excluded_lines": []}, "ensure_zone_ready": {"executed_lines": [181, 182, 184, 185, 187, 188, 189, 190, 191, 192, 193, 197, 198, 200, 201, 203], "summary": {"covered_lines": 16, "num_statements": 16, "percent_covered": 100.0, "percent_covered_display": "100", "missing_lines": 0, "excluded_lines": 0}, "missing_lines": [], "excluded_lines": []}, "_fetch_zone_options": {"executed_lines": [216, 217, 218, 219, 220, 221, 222], "summary": {"covered_lines": 7, "num_statements": 7, "percent_covered": 100.0, "percent_covered_display": "100", "missing_lines": 0, "excluded_lines": 0}, "missing_lines": [], "excluded_lines": []}, "create_default_zone": {"executed_lines": [228], "summary": {"covered_lines": 1, "num_statements": 1, "percent_covered": 100.0, "percent_covered_display": "100", "missing_lines": 0, "excluded_lines": 0}, "missing_lines": [], "excluded_lines": []}, "ensure_catalog_membership": {"executed_lines": [245, 246, 248, 249, 251, 260, 261, 266, 268, 273, 278, 282, 283, 284, 289], "summary": {"covered_lines": 15, "num_statements": 15, "percent_covered": 100.0, "percent_covered_display": "100", "missing_lines": 0, "excluded_lines": 0}, "missing_lines": [], "excluded_lines": []}, "auto_renew_technitium_token": {"executed_lines": [298, 299, 301, 303, 304, 305, 306, 307, 308, 310, 311, 315, 316, 317, 318, 319, 324], "summary": {"covered_lines": 17, "num_statements": 17, "percent_covered": 100.0, "percent_covered_display": "100", "missing_lines": 0, "excluded_lines": 0}, "missing_lines": [], "excluded_lines": []}, "lifespan": {"executed_lines": [338, 341, 342, 344, 345, 348, 350, 353, 354], "summary": {"covered_lines": 9, "num_statements": 9, "percent_covered": 100.0, "percent_covered_display": "100", "missing_lines": 0, "excluded_lines": 0}, "missing_lines": [], "excluded_lines": []}, "create_app": {"executed_lines": [363, 388, 391, 395, 405, 407, 408, 415, 416, 422, 423, 429, 430, 437, 438, 445], "summary": {"covered_lines": 16, "num_statements": 16, "percent_covered": 100.0, "percent_covered_display": "100", "missing_lines": 0, "excluded_lines": 0}, "missing_lines": [], "excluded_lines": []}, "create_app.health": {"executed_lines": [412, 413], "summary": {"covered_lines": 2, "num_statements": 2, "percent_covered": 100.0, "percent_covered_display": "100", "missing_lines": 0, "excluded_lines": 0}, "missing_lines": [], "excluded_lines": []}, "create_app.domain_filter": {"executed_lines": [420], "summary": {"covered_lines": 1, "num_statements": 1, "percent_covered": 100.0, "percent_covered_display": "100", "missing_lines": 0, "excluded_lines": 0}, "missing_lines": [], "excluded_lines": []}, "create_app.records": {"executed_lines": [427], "summary": {"covered_lines": 1, "num_statements": 1, "percent_covered": 100.0, "percent_covered_display": "100", "missing_lines": 0, "excluded_lines": 0}, "missing_lines": [], "excluded_lines": []}, "create_app.adjust": {"executed_lines": [435], "summary": {"covered_lines": 1, "num_statements": 1, "percent_covered": 100.0, "percent_covered_display": "100", "missing_lines": 0, "excluded_lines": 0}, "missing_lines": [], "excluded_lines": []}, "create_app.apply": {"executed_lines": [443], "summary": {"covered_lines": 1, "num_statements": 1, "percent_covered": 100.0, "percent_covered_display": "100", "missing_lines": 0, "excluded_lines": 0}, "missing_lines": [], "excluded_lines": []}, "main": {"executed_lines": [450, 451, 453, 460, 463, 467, 468, 470, 471], "summary": {"covered_lines": 9, "num_statements": 9, "percent_covered": 100.0, "percent_covered_display": "100", "missing_lines": 0, "excluded_lines": 0}, "missing_lines": [], "excluded_lines": []}, "main.handle_signal": {"executed_lines": [464, 465], "summary": {"covered_lines": 2, "num_statements": 2, "percent_covered": 100.0, "percent_covered_display": "100", "missing_lines": 0, "excluded_lines": 0}, "missing_lines": [], "excluded_lines": []}, "": {"executed_lines": [1, 3, 4, 5, 6, 7, 8, 9, 10, 12, 13, 14, 15, 17, 18, 19, 26, 27, 28, 31, 37, 40, 41, 42, 44, 45, 46, 47, 50, 59, 74, 90, 178, 211, 225, 238, 292, 327, 328, 357, 448, 474], "summary": {"covered_lines": 35, "num_statements": 35, "percent_covered": 100.0, "percent_covered_display": "100", "missing_lines": 0, "excluded_lines": 2}, "missing_lines": [], "excluded_lines": [474, 475]}}, "classes": {"ZonePreparationResult": {"executed_lines": [], "summary": {"covered_lines": 0, "num_statements": 0, "percent_covered": 100.0, "percent_covered_display": "100", "missing_lines": 0, "excluded_lines": 0}, "missing_lines": [], "excluded_lines": []}, "": {"executed_lines": [1, 3, 4, 5, 6, 7, 8, 9, 10, 12, 13, 14, 15, 17, 18, 19, 26, 27, 28, 31, 37, 40, 41, 42, 44, 45, 46, 47, 50, 53, 54, 55, 56, 59, 68, 69, 70, 71, 74, 84, 85, 87, 90, 93, 94, 95, 96, 102, 104, 106, 107, 108, 114, 116, 120, 121, 123, 125, 132, 134, 135, 141, 142, 148, 149, 151, 156, 157, 158, 164, 166, 173, 174, 175, 178, 181, 182, 184, 185, 187, 188, 189, 190, 191, 192, 193, 197, 198, 200, 201, 203, 211, 216, 217, 218, 219, 220, 221, 222, 225, 228, 238, 245, 246, 248, 249, 251, 260, 261, 266, 268, 273, 278, 282, 283, 284, 289, 292, 298, 299, 301, 303, 304, 305, 306, 307, 308, 310, 311, 315, 316, 317, 318, 319, 324, 327, 328, 338, 341, 342, 344, 345, 348, 350, 353, 354, 357, 363, 388, 391, 395, 405, 407, 408, 412, 413, 415, 416, 420, 422, 423, 427, 429, 430, 435, 437, 438, 443, 445, 448, 450, 451, 453, 460, 463, 464, 465, 467, 468, 470, 471, 474], "summary": {"covered_lines": 175, "num_statements": 175, "percent_covered": 100.0, "percent_covered_display": "100", "missing_lines": 0, "excluded_lines": 2}, "missing_lines": [], "excluded_lines": [474, 475]}}}, "external_dns_technitium_webhook/middleware.py": {"executed_lines": [1, 3, 4, 5, 6, 7, 9, 10, 11, 12, 14, 17, 18, 24, 31, 32, 33, 34, 35, 37, 46, 47, 48, 51, 54, 57, 58, 59, 62, 65, 69, 72, 91, 94, 95, 102, 103, 106, 107, 112, 119, 120, 122, 127, 128, 129, 130, 131, 132, 134, 135, 140], "summary": {"covered_lines": 49, "num_statements": 49, "percent_covered": 100.0, "percent_covered_display": "100", "missing_lines": 0, "excluded_lines": 0}, "missing_lines": [], "excluded_lines": [], "functions": {"RateLimiter.__init__": {"executed_lines": [31, 32, 33, 34, 35], "summary": {"covered_lines": 5, "num_statements": 5, "percent_covered": 100.0, "percent_covered_display": "100", "missing_lines": 0, "excluded_lines": 0}, "missing_lines": [], "excluded_lines": []}, "RateLimiter.check_rate_limit": {"executed_lines": [46, 47, 48, 51, 54, 57, 58, 59, 62, 65], "summary": {"covered_lines": 10, "num_statements": 10, "percent_covered": 100.0, "percent_covered_display": "100", "missing_lines": 0, "excluded_lines": 0}, "missing_lines": [], "excluded_lines": []}, "rate_limit_middleware": {"executed_lines": [91, 94, 95, 102, 103], "summary": {"covered_lines": 5, "num_statements": 5, "percent_covered": 100.0, "percent_covered_display": "100", "missing_lines": 0, "excluded_lines": 0}, "missing_lines": [], "excluded_lines": []}, "RequestSizeLimitMiddleware.__init__": {"executed_lines": [119, 120], "summary": {"covered_lines": 2, "num_statements": 2, "percent_covered": 100.0, "percent_covered_display": "100", "missing_lines": 0, "excluded_lines": 0}, "missing_lines": [], "excluded_lines": []}, "RequestSizeLimitMiddleware.dispatch": {"executed_lines": [127, 128, 129, 130, 131, 132, 134, 135, 140], "summary": {"covered_lines": 9, "num_statements": 9, "percent_covered": 100.0, "percent_covered_display": "100", "missing_lines": 0, "excluded_lines": 0}, "missing_lines": [], "excluded_lines": []}, "": {"executed_lines": [1, 3, 4, 5, 6, 7, 9, 10, 11, 12, 14, 17, 18, 24, 37, 69, 72, 106, 107, 112, 122], "summary": {"covered_lines": 18, "num_statements": 18, "percent_covered": 100.0, "percent_covered_display": "100", "missing_lines": 0, "excluded_lines": 0}, "missing_lines": [], "excluded_lines": []}}, "classes": {"RateLimiter": {"executed_lines": [31, 32, 33, 34, 35, 46, 47, 48, 51, 54, 57, 58, 59, 62, 65], "summary": {"covered_lines": 15, "num_statements": 15, "percent_covered": 100.0, "percent_covered_display": "100", "missing_lines": 0, "excluded_lines": 0}, "missing_lines": [], "excluded_lines": []}, "RequestSizeLimitMiddleware": {"executed_lines": [119, 120, 127, 128, 129, 130, 131, 132, 134, 135, 140], "summary": {"covered_lines": 11, "num_statements": 11, "percent_covered": 100.0, "percent_covered_display": "100", "missing_lines": 0, "excluded_lines": 0}, "missing_lines": [], "excluded_lines": []}, "": {"executed_lines": [1, 3, 4, 5, 6, 7, 9, 10, 11, 12, 14, 17, 18, 24, 37, 69, 72, 91, 94, 95, 102, 103, 106, 107, 112, 122], "summary": {"covered_lines": 23, "num_statements": 23, "percent_covered": 100.0, "percent_covered_display": "100", "missing_lines": 0, "excluded_lines": 0}, "missing_lines": [], "excluded_lines": []}}}, "external_dns_technitium_webhook/models.py": {"executed_lines": [1, 3, 4, 5, 7, 9, 12, 13, 15, 16, 19, 20, 22, 23, 24, 25, 26, 27, 28, 32, 34, 35, 36, 48, 49, 52, 53, 56, 60, 62, 63, 66, 67, 68, 69, 71, 73, 74, 75, 84, 86, 88, 91, 92, 94, 95, 96, 97, 99, 102, 103, 105, 106, 109, 110, 112, 115, 116, 118, 121, 122, 124, 127, 128, 130, 133, 134, 136, 139, 140, 142, 143, 144, 147, 148, 150, 151, 152, 154, 157, 158, 160, 161, 162, 164, 167, 168, 170, 171, 172, 173, 174, 176, 179, 180, 182, 183, 184, 185, 186, 188, 191, 192, 194, 195, 196, 197, 200, 201, 203, 204, 207, 208, 210, 211, 213, 216, 217, 219, 222, 223, 225, 226, 227, 229, 232, 233, 235, 238, 239, 241, 242, 243, 244, 246, 249, 250, 252, 254, 257, 258, 260, 261, 262, 263, 264, 268], "summary": {"covered_lines": 97, "num_statements": 97, "percent_covered": 100.0, "percent_covered_display": "100", "missing_lines": 0, "excluded_lines": 0}, "missing_lines": [], "excluded_lines": [], "functions": {"Endpoint.validate_dns_name": {"executed_lines": [48, 49, 52, 53, 56, 60, 62, 63, 66, 67, 68, 69, 71], "summary": {"covered_lines": 13, "num_statements": 13, "percent_covered": 100.0, "percent_covered_display": "100", "missing_lines": 0, "excluded_lines": 0}, "missing_lines": [], "excluded_lines": []}, "Endpoint.validate_ttl": {"executed_lines": [84, 86, 88], "summary": {"covered_lines": 3, "num_statements": 3, "percent_covered": 100.0, "percent_covered_display": "100", "missing_lines": 0, "excluded_lines": 0}, "missing_lines": [], "excluded_lines": []}, "": {"executed_lines": [1, 3, 4, 5, 7, 9, 12, 13, 15, 16, 19, 20, 22, 23, 24, 25, 26, 27, 28, 32, 34, 35, 36, 73, 74, 75, 91, 92, 94, 95, 96, 97, 99, 102, 103, 105, 106, 109, 110, 112, 115, 116, 118, 121, 122, 124, 127, 128, 130, 133, 134, 136, 139, 140, 142, 143, 144, 147, 148, 150, 151, 152, 154, 157, 158, 160, 161, 162, 164, 167, 168, 170, 171, 172, 173, 174, 176, 179, 180, 182, 183, 184, 185, 186, 188, 191, 192, 194, 195, 196, 197, 200, 201, 203, 204, 207, 208, 210, 211, 213, 216, 217, 219, 222, 223, 225, 226, 227, 229, 232, 233, 235, 238, 239, 241, 242, 243, 244, 246, 249, 250, 252, 254, 257, 258, 260, 261, 262, 263, 264, 268], "summary": {"covered_lines": 81, "num_statements": 81, "percent_covered": 100.0, "percent_covered_display": "100", "missing_lines": 0, "excluded_lines": 0}, "missing_lines": [], "excluded_lines": []}}, "classes": {"ProviderSpecificProperty": {"executed_lines": [], "summary": {"covered_lines": 0, "num_statements": 0, "percent_covered": 100.0, "percent_covered_display": "100", "missing_lines": 0, "excluded_lines": 0}, "missing_lines": [], "excluded_lines": []}, "Endpoint": {"executed_lines": [48, 49, 52, 53, 56, 60, 62, 63, 66, 67, 68, 69, 71, 84, 86, 88], "summary": {"covered_lines": 16, "num_statements": 16, "percent_covered": 100.0, "percent_covered_display": "100", "missing_lines": 0, "excluded_lines": 0}, "missing_lines": [], "excluded_lines": []}, "Changes": {"executed_lines": [], "summary": {"covered_lines": 0, "num_statements": 0, "percent_covered": 100.0, "percent_covered_display": "100", "missing_lines": 0, "excluded_lines": 0}, "missing_lines": [], "excluded_lines": []}, "DomainFilter": {"executed_lines": [], "summary": {"covered_lines": 0, "num_statements": 0, "percent_covered": 100.0, "percent_covered_display": "100", "missing_lines": 0, "excluded_lines": 0}, "missing_lines": [], "excluded_lines": []}, "RecordAData": {"executed_lines": [], "summary": {"covered_lines": 0, "num_statements": 0, "percent_covered": 100.0, "percent_covered_display": "100", "missing_lines": 0, "excluded_lines": 0}, "missing_lines": [], "excluded_lines": []}, "RecordAAAAData": {"executed_lines": [], "summary": {"covered_lines": 0, "num_statements": 0, "percent_covered": 100.0, "percent_covered_display": "100", "missing_lines": 0, "excluded_lines": 0}, "missing_lines": [], "excluded_lines": []}, "RecordCNAMEData": {"executed_lines": [], "summary": {"covered_lines": 0, "num_statements": 0, "percent_covered": 100.0, "percent_covered_display": "100", "missing_lines": 0, "excluded_lines": 0}, "missing_lines": [], "excluded_lines": []}, "RecordTXTData": {"executed_lines": [], "summary": {"covered_lines": 0, "num_statements": 0, "percent_covered": 100.0, "percent_covered_display": "100", "missing_lines": 0, "excluded_lines": 0}, "missing_lines": [], "excluded_lines": []}, "RecordANAMEData": {"executed_lines": [], "summary": {"covered_lines": 0, "num_statements": 0, "percent_covered": 100.0, "percent_covered_display": "100", "missing_lines": 0, "excluded_lines": 0}, "missing_lines": [], "excluded_lines": []}, "RecordCAAData": {"executed_lines": [], "summary": {"covered_lines": 0, "num_statements": 0, "percent_covered": 100.0, "percent_covered_display": "100", "missing_lines": 0, "excluded_lines": 0}, "missing_lines": [], "excluded_lines": []}, "RecordURIData": {"executed_lines": [], "summary": {"covered_lines": 0, "num_statements": 0, "percent_covered": 100.0, "percent_covered_display": "100", "missing_lines": 0, "excluded_lines": 0}, "missing_lines": [], "excluded_lines": []}, "RecordSSHFPData": {"executed_lines": [], "summary": {"covered_lines": 0, "num_statements": 0, "percent_covered": 100.0, "percent_covered_display": "100", "missing_lines": 0, "excluded_lines": 0}, "missing_lines": [], "excluded_lines": []}, "RecordSVCBData": {"executed_lines": [], "summary": {"covered_lines": 0, "num_statements": 0, "percent_covered": 100.0, "percent_covered_display": "100", "missing_lines": 0, "excluded_lines": 0}, "missing_lines": [], "excluded_lines": []}, "RecordInfo": {"executed_lines": [], "summary": {"covered_lines": 0, "num_statements": 0, "percent_covered": 100.0, "percent_covered_display": "100", "missing_lines": 0, "excluded_lines": 0}, "missing_lines": [], "excluded_lines": []}, "ZoneInfo": {"executed_lines": [], "summary": {"covered_lines": 0, "num_statements": 0, "percent_covered": 100.0, "percent_covered_display": "100", "missing_lines": 0, "excluded_lines": 0}, "missing_lines": [], "excluded_lines": []}, "GetRecordsResponse": {"executed_lines": [], "summary": {"covered_lines": 0, "num_statements": 0, "percent_covered": 100.0, "percent_covered_display": "100", "missing_lines": 0, "excluded_lines": 0}, "missing_lines": [], "excluded_lines": []}, "AddRecordResponse": {"executed_lines": [], "summary": {"covered_lines": 0, "num_statements": 0, "percent_covered": 100.0, "percent_covered_display": "100", "missing_lines": 0, "excluded_lines": 0}, "missing_lines": [], "excluded_lines": []}, "DeleteRecordResponse": {"executed_lines": [], "summary": {"covered_lines": 0, "num_statements": 0, "percent_covered": 100.0, "percent_covered_display": "100", "missing_lines": 0, "excluded_lines": 0}, "missing_lines": [], "excluded_lines": []}, "LoginResponse": {"executed_lines": [], "summary": {"covered_lines": 0, "num_statements": 0, "percent_covered": 100.0, "percent_covered_display": "100", "missing_lines": 0, "excluded_lines": 0}, "missing_lines": [], "excluded_lines": []}, "CreateZoneResponse": {"executed_lines": [], "summary": {"covered_lines": 0, "num_statements": 0, "percent_covered": 100.0, "percent_covered_display": "100", "missing_lines": 0, "excluded_lines": 0}, "missing_lines": [], "excluded_lines": []}, "ListZonesResponse": {"executed_lines": [], "summary": {"covered_lines": 0, "num_statements": 0, "percent_covered": 100.0, "percent_covered_display": "100", "missing_lines": 0, "excluded_lines": 0}, "missing_lines": [], "excluded_lines": []}, "ListCatalogZonesResponse": {"executed_lines": [], "summary": {"covered_lines": 0, "num_statements": 0, "percent_covered": 100.0, "percent_covered_display": "100", "missing_lines": 0, "excluded_lines": 0}, "missing_lines": [], "excluded_lines": []}, "GetZoneOptionsResponse": {"executed_lines": [], "summary": {"covered_lines": 0, "num_statements": 0, "percent_covered": 100.0, "percent_covered_display": "100", "missing_lines": 0, "excluded_lines": 0}, "missing_lines": [], "excluded_lines": []}, "": {"executed_lines": [1, 3, 4, 5, 7, 9, 12, 13, 15, 16, 19, 20, 22, 23, 24, 25, 26, 27, 28, 32, 34, 35, 36, 73, 74, 75, 91, 92, 94, 95, 96, 97, 99, 102, 103, 105, 106, 109, 110, 112, 115, 116, 118, 121, 122, 124, 127, 128, 130, 133, 134, 136, 139, 140, 142, 143, 144, 147, 148, 150, 151, 152, 154, 157, 158, 160, 161, 162, 164, 167, 168, 170, 171, 172, 173, 174, 176, 179, 180, 182, 183, 184, 185, 186, 188, 191, 192, 194, 195, 196, 197, 200, 201, 203, 204, 207, 208, 210, 211, 213, 216, 217, 219, 222, 223, 225, 226, 227, 229, 232, 233, 235, 238, 239, 241, 242, 243, 244, 246, 249, 250, 252, 254, 257, 258, 260, 261, 262, 263, 264, 268], "summary": {"covered_lines": 81, "num_statements": 81, "percent_covered": 100.0, "percent_covered_display": "100", "missing_lines": 0, "excluded_lines": 0}, "missing_lines": [], "excluded_lines": []}}}, "external_dns_technitium_webhook/technitium_client.py": {"executed_lines": [1, 3, 4, 6, 7, 9, 20, 22, 23, 24, 26, 41, 42, 43, 44, 45, 47, 49, 50, 51, 52, 53, 54, 57, 58, 60, 63, 64, 66, 67, 68, 69, 70, 71, 72, 73, 74, 76, 84, 85, 86, 87, 89, 91, 93, 95, 97, 99, 101, 114, 115, 117, 118, 119, 120, 121, 124, 125, 127, 128, 129, 130, 132, 133, 135, 137, 138, 139, 140, 141, 142, 148, 149, 150, 151, 153, 155, 168, 169, 170, 172, 173, 174, 175, 177, 179, 189, 190, 191, 193, 215, 219, 220, 221, 222, 223, 224, 225, 226, 228, 229, 230, 231, 232, 234, 236, 238, 254, 255, 256, 257, 258, 260, 262, 296, 301, 302, 303, 304, 305, 306, 307, 308, 309, 310, 311, 312, 313, 314, 315, 316, 317, 318, 320, 322, 338, 339, 340, 341, 342, 344, 346, 364, 369, 370, 372, 376, 379, 380, 386, 391, 392, 393, 395, 401, 404, 405, 406, 407, 408, 409, 410, 411, 413, 415], "summary": {"covered_lines": 161, "num_statements": 161, "percent_covered": 100.0, "percent_covered_display": "100", "missing_lines": 0, "excluded_lines": 0}, "missing_lines": [], "excluded_lines": [], "functions": {"TechnitiumError.__init__": {"executed_lines": [41, 42, 43, 44, 45], "summary": {"covered_lines": 5, "num_statements": 5, "percent_covered": 100.0, "percent_covered_display": "100", "missing_lines": 0, "excluded_lines": 0}, "missing_lines": [], "excluded_lines": []}, "TechnitiumError.__str__": {"executed_lines": [49, 50, 51, 52, 53, 54], "summary": {"covered_lines": 6, "num_statements": 6, "percent_covered": 100.0, "percent_covered_display": "100", "missing_lines": 0, "excluded_lines": 0}, "missing_lines": [], "excluded_lines": []}, "TechnitiumClient.__init__": {"executed_lines": [84, 85, 86, 87], "summary": {"covered_lines": 4, "num_statements": 4, "percent_covered": 100.0, "percent_covered_display": "100", "missing_lines": 0, "excluded_lines": 0}, "missing_lines": [], "excluded_lines": []}, "TechnitiumClient.close": {"executed_lines": [91], "summary": {"covered_lines": 1, "num_statements": 1, "percent_covered": 100.0, "percent_covered_display": "100", "missing_lines": 0, "excluded_lines": 0}, "missing_lines": [], "excluded_lines": []}, "TechnitiumClient.__aenter__": {"executed_lines": [95], "summary": {"covered_lines": 1, "num_statements": 1, "percent_covered": 100.0, "percent_covered_display": "100", "missing_lines": 0, "excluded_lines": 0}, "missing_lines": [], "excluded_lines": []}, "TechnitiumClient.__aexit__": {"executed_lines": [99], "summary": {"covered_lines": 1, "num_statements": 1, "percent_covered": 100.0, "percent_covered_display": "100", "missing_lines": 0, "excluded_lines": 0}, "missing_lines": [], "excluded_lines": []}, "TechnitiumClient._post_raw": {"executed_lines": [114, 115, 117, 118, 119, 120, 121, 124, 125, 127, 128, 129, 130, 132, 133, 135, 137, 138, 139, 140, 141, 142, 148, 149, 150, 151, 153], "summary": {"covered_lines": 27, "num_statements": 27, "percent_covered": 100.0, "percent_covered_display": "100", "missing_lines": 0, "excluded_lines": 0}, "missing_lines": [], "excluded_lines": []}, "TechnitiumClient._post": {"executed_lines": [168, 169, 170, 172, 173, 174, 175, 177], "summary": {"covered_lines": 8, "num_statements": 8, "percent_covered": 100.0, "percent_covered_display": "100", "missing_lines": 0, "excluded_lines": 0}, "missing_lines": [], "excluded_lines": []}, "TechnitiumClient.login": {"executed_lines": [189, 190, 191], "summary": {"covered_lines": 3, "num_statements": 3, "percent_covered": 100.0, "percent_covered_display": "100", "missing_lines": 0, "excluded_lines": 0}, "missing_lines": [], "excluded_lines": []}, "TechnitiumClient.create_zone": {"executed_lines": [215, 219, 220, 221, 222, 223, 224, 225, 226, 228, 229, 230, 231, 232, 234, 236], "summary": {"covered_lines": 16, "num_statements": 16, "percent_covered": 100.0, "percent_covered_display": "100", "missing_lines": 0, "excluded_lines": 0}, "missing_lines": [], "excluded_lines": []}, "TechnitiumClient.list_zones": {"executed_lines": [254, 255, 256, 257, 258, 260], "summary": {"covered_lines": 6, "num_statements": 6, "percent_covered": 100.0, "percent_covered_display": "100", "missing_lines": 0, "excluded_lines": 0}, "missing_lines": [], "excluded_lines": []}, "TechnitiumClient.add_record": {"executed_lines": [296, 301, 302, 303, 304, 305, 306, 307, 308, 309, 310, 311, 312, 313, 314, 315, 316, 317, 318, 320], "summary": {"covered_lines": 20, "num_statements": 20, "percent_covered": 100.0, "percent_covered_display": "100", "missing_lines": 0, "excluded_lines": 0}, "missing_lines": [], "excluded_lines": []}, "TechnitiumClient.get_records": {"executed_lines": [338, 339, 340, 341, 342, 344], "summary": {"covered_lines": 6, "num_statements": 6, "percent_covered": 100.0, "percent_covered_display": "100", "missing_lines": 0, "excluded_lines": 0}, "missing_lines": [], "excluded_lines": []}, "TechnitiumClient.delete_record": {"executed_lines": [364, 369, 370, 372], "summary": {"covered_lines": 4, "num_statements": 4, "percent_covered": 100.0, "percent_covered_display": "100", "missing_lines": 0, "excluded_lines": 0}, "missing_lines": [], "excluded_lines": []}, "TechnitiumClient.list_catalog_zones": {"executed_lines": [379, 380], "summary": {"covered_lines": 2, "num_statements": 2, "percent_covered": 100.0, "percent_covered_display": "100", "missing_lines": 0, "excluded_lines": 0}, "missing_lines": [], "excluded_lines": []}, "TechnitiumClient.get_zone_options": {"executed_lines": [391, 392, 393, 395], "summary": {"covered_lines": 4, "num_statements": 4, "percent_covered": 100.0, "percent_covered_display": "100", "missing_lines": 0, "excluded_lines": 0}, "missing_lines": [], "excluded_lines": []}, "TechnitiumClient.set_zone_options": {"executed_lines": [404, 405, 406, 407, 408, 409, 410, 411, 413, 415], "summary": {"covered_lines": 10, "num_statements": 10, "percent_covered": 100.0, "percent_covered_display": "100", "missing_lines": 0, "excluded_lines": 0}, "missing_lines": [], "excluded_lines": []}, "": {"executed_lines": [1, 3, 4, 6, 7, 9, 20, 22, 23, 24, 26, 47, 57, 58, 60, 63, 64, 66, 67, 68, 69, 70, 71, 72, 73, 74, 76, 89, 93, 97, 101, 155, 179, 193, 238, 262, 322, 346, 376, 386, 401], "summary": {"covered_lines": 37, "num_statements": 37, "percent_covered": 100.0, "percent_covered_display": "100", "missing_lines": 0, "excluded_lines": 0}, "missing_lines": [], "excluded_lines": []}}, "classes": {"TechnitiumError": {"executed_lines": [41, 42, 43, 44, 45, 49, 50, 51, 52, 53, 54], "summary": {"covered_lines": 11, "num_statements": 11, "percent_covered": 100.0, "percent_covered_display": "100", "missing_lines": 0, "excluded_lines": 0}, "missing_lines": [], "excluded_lines": []}, "InvalidTokenError": {"executed_lines": [], "summary": {"covered_lines": 0, "num_statements": 0, "percent_covered": 100.0, "percent_covered_display": "100", "missing_lines": 0, "excluded_lines": 0}, "missing_lines": [], "excluded_lines": []}, "TechnitiumClient": {"executed_lines": [84, 85, 86, 87, 91, 95, 99, 114, 115, 117, 118, 119, 120, 121, 124, 125, 127, 128, 129, 130, 132, 133, 135, 137, 138, 139, 140, 141, 142, 148, 149, 150, 151, 153, 168, 169, 170, 172, 173, 174, 175, 177, 189, 190, 191, 215, 219, 220, 221, 222, 223, 224, 225, 226, 228, 229, 230, 231, 232, 234, 236, 254, 255, 256, 257, 258, 260, 296, 301, 302, 303, 304, 305, 306, 307, 308, 309, 310, 311, 312, 313, 314, 315, 316, 317, 318, 320, 338, 339, 340, 341, 342, 344, 364, 369, 370, 372, 379, 380, 391, 392, 393, 395, 404, 405, 406, 407, 408, 409, 410, 411, 413, 415], "summary": {"covered_lines": 113, "num_statements": 113, "percent_covered": 100.0, "percent_covered_display": "100", "missing_lines": 0, "excluded_lines": 0}, "missing_lines": [], "excluded_lines": []}, "": {"executed_lines": [1, 3, 4, 6, 7, 9, 20, 22, 23, 24, 26, 47, 57, 58, 60, 63, 64, 66, 67, 68, 69, 70, 71, 72, 73, 74, 76, 89, 93, 97, 101, 155, 179, 193, 238, 262, 322, 346, 376, 386, 401], "summary": {"covered_lines": 37, "num_statements": 37, "percent_covered": 100.0, "percent_covered_display": "100", "missing_lines": 0, "excluded_lines": 0}, "missing_lines": [], "excluded_lines": []}}}}, "totals": {"covered_lines": 759, "num_statements": 760, "percent_covered": 99.86842105263158, "percent_covered_display": "99", "missing_lines": 1, "excluded_lines": 16}}